<?xml version="1.0" encoding="UTF-8"?>
<testng-results skipped="0" failed="0" total="1" passed="1">
  <reporter-output>
  </reporter-output>
  <suite name="Suite" duration-ms="24434" started-at="2016-08-07T20:48:26Z" finished-at="2016-08-07T20:48:51Z">
    <groups>
    </groups>
    <test name="Test" duration-ms="24434" started-at="2016-08-07T20:48:26Z" finished-at="2016-08-07T20:48:51Z">
      <class name="com.jpmchase.digital.FirstTestNG">
        <test-method status="PASS" signature="beforeTest()[pri:0, instance:com.jpmchase.digital.FirstTestNG@1c62251]" name="beforeTest" is-config="true" duration-ms="17865" started-at="2016-08-07T16:48:26Z" finished-at="2016-08-07T16:48:44Z">
          <reporter-output>
          </reporter-output>
        </test-method> <!-- beforeTest -->
        <test-method status="PASS" signature="testEasy()[pri:0, instance:com.jpmchase.digital.FirstTestNG@1c62251]" name="testEasy" duration-ms="6286" started-at="2016-08-07T16:48:44Z" finished-at="2016-08-07T16:48:50Z">
          <reporter-output>
          </reporter-output>
        </test-method> <!-- testEasy -->
        <test-method status="PASS" signature="afterTest()[pri:0, instance:com.jpmchase.digital.FirstTestNG@1c62251]" name="afterTest" is-config="true" duration-ms="260" started-at="2016-08-07T16:48:50Z" finished-at="2016-08-07T16:48:51Z">
          <reporter-output>
          </reporter-output>
        </test-method> <!-- afterTest -->
      </class> <!-- com.jpmchase.digital.FirstTestNG -->
    </test> <!-- Test -->
  </suite> <!-- Suite -->
</testng-results>
